2026-01-03 00:19:50 INFO  com.zaxxer.hikari.HikariDataSource - Naveen Hikari pool - Starting...
2026-01-03 00:19:51 INFO  com.zaxxer.hikari.pool.HikariPool - Naveen Hikari pool - Added connection com.mysql.cj.jdbc.ConnectionImpl@49925d21
2026-01-03 00:19:51 INFO  com.zaxxer.hikari.HikariDataSource - Naveen Hikari pool - Start completed.
2026-01-03 00:24:15 INFO  com.zaxxer.hikari.HikariDataSource - Naveen Hikari pool - Starting...
2026-01-03 00:24:16 INFO  com.zaxxer.hikari.pool.HikariPool - Naveen Hikari pool - Added connection com.mysql.cj.jdbc.ConnectionImpl@49925d21
2026-01-03 00:24:16 INFO  com.zaxxer.hikari.HikariDataSource - Naveen Hikari pool - Start completed.
2026-01-03 00:30:40 INFO  com.zaxxer.hikari.HikariDataSource - Naveen Hikari pool - Starting...
2026-01-03 00:30:41 INFO  com.zaxxer.hikari.pool.HikariPool - Naveen Hikari pool - Added connection com.mysql.cj.jdbc.ConnectionImpl@3e8afc2d
2026-01-03 00:30:41 INFO  com.zaxxer.hikari.HikariDataSource - Naveen Hikari pool - Start completed.
2026-01-03 00:30:56 INFO  com.zaxxer.hikari.HikariDataSource - Naveen Hikari pool - Starting...
2026-01-03 00:30:56 INFO  com.zaxxer.hikari.pool.HikariPool - Naveen Hikari pool - Added connection com.mysql.cj.jdbc.ConnectionImpl@3e8afc2d
2026-01-03 00:30:56 INFO  com.zaxxer.hikari.HikariDataSource - Naveen Hikari pool - Start completed.
2026-01-03 00:33:47 INFO  com.zaxxer.hikari.HikariDataSource - Naveen Hikari pool - Starting...
2026-01-03 00:33:48 INFO  com.zaxxer.hikari.pool.HikariPool - Naveen Hikari pool - Added connection com.mysql.cj.jdbc.ConnectionImpl@3275a47f
2026-01-03 00:33:48 INFO  com.zaxxer.hikari.HikariDataSource - Naveen Hikari pool - Start completed.
2026-01-03 00:36:39 INFO  com.zaxxer.hikari.HikariDataSource - Naveen Hikari pool - Starting...
2026-01-03 00:36:40 INFO  com.zaxxer.hikari.pool.HikariPool - Naveen Hikari pool - Added connection com.mysql.cj.jdbc.ConnectionImpl@3275a47f
2026-01-03 00:36:40 INFO  com.zaxxer.hikari.HikariDataSource - Naveen Hikari pool - Start completed.
2026-01-03 00:54:28 INFO  com.zaxxer.hikari.HikariDataSource - Naveen Hikari pool - Starting...
2026-01-03 00:54:28 INFO  com.zaxxer.hikari.pool.HikariPool - Naveen Hikari pool - Added connection com.mysql.cj.jdbc.ConnectionImpl@651caa2e
2026-01-03 00:54:28 INFO  com.zaxxer.hikari.HikariDataSource - Naveen Hikari pool - Start completed.
2026-01-03 00:56:02 INFO  com.zaxxer.hikari.HikariDataSource - Naveen Hikari pool - Starting...
2026-01-03 00:56:03 INFO  com.zaxxer.hikari.pool.HikariPool - Naveen Hikari pool - Added connection com.mysql.cj.jdbc.ConnectionImpl@651caa2e
2026-01-03 00:56:03 INFO  com.zaxxer.hikari.HikariDataSource - Naveen Hikari pool - Start completed.
2026-01-03 01:19:03 INFO  com.zaxxer.hikari.HikariDataSource - Naveen Hikari pool - Starting...
2026-01-03 01:19:04 INFO  com.zaxxer.hikari.pool.HikariPool - Naveen Hikari pool - Added connection com.mysql.cj.jdbc.ConnectionImpl@651caa2e
2026-01-03 01:19:04 INFO  com.zaxxer.hikari.HikariDataSource - Naveen Hikari pool - Start completed.
2026-01-03 01:27:09 INFO  com.zaxxer.hikari.HikariDataSource - Naveen Hikari pool - Starting...
2026-01-03 01:27:10 INFO  com.zaxxer.hikari.pool.HikariPool - Naveen Hikari pool - Added connection com.mysql.cj.jdbc.ConnectionImpl@651caa2e
2026-01-03 01:27:10 INFO  com.zaxxer.hikari.HikariDataSource - Naveen Hikari pool - Start completed.
2026-01-03 01:30:11 INFO  com.zaxxer.hikari.HikariDataSource - Naveen Hikari pool - Starting...
2026-01-03 01:30:12 INFO  com.zaxxer.hikari.pool.HikariPool - Naveen Hikari pool - Added connection com.mysql.cj.jdbc.ConnectionImpl@433ae0b0
2026-01-03 01:30:12 INFO  com.zaxxer.hikari.HikariDataSource - Naveen Hikari pool - Start completed.
2026-01-03 01:36:31 INFO  com.zaxxer.hikari.HikariDataSource - Naveen Hikari pool - Starting...
2026-01-03 01:36:32 INFO  com.zaxxer.hikari.pool.HikariPool - Naveen Hikari pool - Added connection com.mysql.cj.jdbc.ConnectionImpl@651caa2e
2026-01-03 01:36:32 INFO  com.zaxxer.hikari.HikariDataSource - Naveen Hikari pool - Start completed.
2026-01-03 01:42:12 INFO  com.zaxxer.hikari.HikariDataSource - Naveen Hikari pool - Starting...
2026-01-03 01:42:13 INFO  com.zaxxer.hikari.pool.HikariPool - Naveen Hikari pool - Added connection com.mysql.cj.jdbc.ConnectionImpl@651caa2e
2026-01-03 01:42:13 INFO  com.zaxxer.hikari.HikariDataSource - Naveen Hikari pool - Start completed.
2026-01-03 01:45:38 INFO  com.zaxxer.hikari.HikariDataSource - Naveen Hikari pool - Starting...
2026-01-03 01:45:39 INFO  com.zaxxer.hikari.pool.HikariPool - Naveen Hikari pool - Added connection com.mysql.cj.jdbc.ConnectionImpl@4f6ff62
2026-01-03 01:45:39 INFO  com.zaxxer.hikari.HikariDataSource - Naveen Hikari pool - Start completed.
2026-01-03 02:00:55 INFO  com.zaxxer.hikari.HikariDataSource - Naveen Hikari pool - Starting...
2026-01-03 02:00:56 INFO  com.zaxxer.hikari.pool.HikariPool - Naveen Hikari pool - Added connection com.mysql.cj.jdbc.ConnectionImpl@4780341
2026-01-03 02:00:56 INFO  com.zaxxer.hikari.HikariDataSource - Naveen Hikari pool - Start completed.
2026-01-03 02:00:57 INFO  c.e.s.servlet.LoginServlet - Entered in to login url of get
2026-01-03 02:00:57 INFO  c.e.s.servlet.LoginServlet - Steped of login url of get
2026-01-03 02:00:57 INFO  c.e.s.servlet.LoginServlet - Content-Type: 
2026-01-03 02:00:57 INFO  c.e.s.servlet.LoginServlet - User creation request received
2026-01-03 02:00:57 INFO  c.e.s.servlet.LoginServlet - User parsed -> email=null, empId=EMP1
2026-01-03 02:00:57 INFO  c.e.s.servlet.LoginServlet - Calling userService.createUser()
2026-01-03 02:00:57 INFO  c.e.s.servlet.LoginServlet - User creation completed successfully
2026-01-03 02:00:57 INFO  c.e.s.servlet.OfferServlet - Fetching all offers via GET
2026-01-03 02:12:19 INFO  com.zaxxer.hikari.HikariDataSource - Naveen Hikari pool - Starting...
2026-01-03 02:12:20 INFO  com.zaxxer.hikari.pool.HikariPool - Naveen Hikari pool - Added connection com.mysql.cj.jdbc.ConnectionImpl@31e3c34
2026-01-03 02:12:20 INFO  com.zaxxer.hikari.HikariDataSource - Naveen Hikari pool - Start completed.
2026-01-03 02:12:21 INFO  c.e.s.servlet.LoginServlet - Entered in to login url of get
2026-01-03 02:12:21 INFO  c.e.s.servlet.LoginServlet - Steped of login url of get
2026-01-03 02:12:21 INFO  c.e.s.servlet.LoginServlet - Content-Type: 
2026-01-03 02:12:21 INFO  c.e.s.servlet.LoginServlet - User creation request received
2026-01-03 02:12:21 INFO  c.e.s.servlet.LoginServlet - User parsed -> email=null, empId=EMP1
2026-01-03 02:12:21 INFO  c.e.s.servlet.LoginServlet - Calling userService.createUser()
2026-01-03 02:12:21 INFO  c.e.s.servlet.LoginServlet - User creation completed successfully
2026-01-03 02:12:21 INFO  c.e.s.servlet.OfferServlet - Fetching all offers via GET
2026-01-03 02:12:21 INFO  c.e.s.servlet.OfferServlet - Entered doDelete for offerId: OFF30
2026-01-03 02:12:21 INFO  c.e.s.servlet.OfferServlet - Received request to update offer
2026-01-03 02:12:21 INFO  c.e.s.servlet.OfferServlet - Received POST request to create offer
2026-01-03 02:12:21 INFO  c.e.s.servlet.OfferServlet - Fetching all offers via GET
2026-01-03 02:13:54 INFO  com.zaxxer.hikari.HikariDataSource - Naveen Hikari pool - Starting...
2026-01-03 02:13:55 INFO  com.zaxxer.hikari.pool.HikariPool - Naveen Hikari pool - Added connection com.mysql.cj.jdbc.ConnectionImpl@39342614
2026-01-03 02:13:55 INFO  com.zaxxer.hikari.HikariDataSource - Naveen Hikari pool - Start completed.
2026-01-03 02:13:56 INFO  c.e.s.servlet.LoginServlet - Entered in to login url of get
2026-01-03 02:13:56 INFO  c.e.s.servlet.LoginServlet - Steped of login url of get
2026-01-03 02:13:56 INFO  c.e.s.servlet.LoginServlet - Content-Type: 
2026-01-03 02:13:56 INFO  c.e.s.servlet.LoginServlet - User creation request received
2026-01-03 02:13:56 INFO  c.e.s.servlet.LoginServlet - User parsed -> email=null, empId=EMP1
2026-01-03 02:13:56 INFO  c.e.s.servlet.LoginServlet - Calling userService.createUser()
2026-01-03 02:13:56 INFO  c.e.s.servlet.LoginServlet - User creation completed successfully
2026-01-03 02:13:56 INFO  c.e.s.servlet.OfferServlet - Fetching all offers via GET
2026-01-03 02:13:56 INFO  c.e.s.servlet.OfferServlet - Entered doDelete for offerId: OFF30
2026-01-03 02:13:56 INFO  c.e.s.servlet.OfferServlet - Received request to update offer
2026-01-03 02:13:56 INFO  c.e.s.servlet.OfferServlet - Received POST request to create offer
2026-01-03 02:13:56 INFO  c.e.s.servlet.OfferServlet - Fetching all offers via GET
2026-01-03 11:57:12 INFO  com.zaxxer.hikari.HikariDataSource - Naveen Hikari pool - Starting...
2026-01-03 11:57:14 ERROR com.zaxxer.hikari.pool.HikariPool - Naveen Hikari pool - Exception during pool initialization.
java.sql.SQLException: Access denied for user 'root'@'localhost' (using password: YES)
	at com.mysql.cj.jdbc.exceptions.SQLError.createSQLException(SQLError.java:121)
	at com.mysql.cj.jdbc.exceptions.SQLExceptionsMapping.translateException(SQLExceptionsMapping.java:114)
	at com.mysql.cj.jdbc.ConnectionImpl.createNewIO(ConnectionImpl.java:840)
	at com.mysql.cj.jdbc.ConnectionImpl.<init>(ConnectionImpl.java:416)
	at com.mysql.cj.jdbc.ConnectionImpl.getInstance(ConnectionImpl.java:237)
	at com.mysql.cj.jdbc.NonRegisteringDriver.connect(NonRegisteringDriver.java:180)
	at com.zaxxer.hikari.util.DriverDataSource.getConnection(DriverDataSource.java:138)
	at com.zaxxer.hikari.pool.PoolBase.newConnection(PoolBase.java:359)
	at com.zaxxer.hikari.pool.PoolBase.newPoolEntry(PoolBase.java:201)
	at com.zaxxer.hikari.pool.HikariPool.createPoolEntry(HikariPool.java:470)
	at com.zaxxer.hikari.pool.HikariPool.checkFailFast(HikariPool.java:561)
	at com.zaxxer.hikari.pool.HikariPool.<init>(HikariPool.java:100)
	at com.zaxxer.hikari.HikariDataSource.<init>(HikariDataSource.java:81)
	at com.example.sampleservlet.config.ConnectionProvider.<clinit>(ConnectionProvider.java:23)
	at com.example.sampleservlet.dao.OfferDaoImpl.deleteOfferById(OfferDaoImpl.java:134)
	at com.example.sampleservlet.dao.OfferDaoTest.setUp(OfferDaoTest.java:33)
	at java.base/jdk.internal.reflect.DirectMethodHandleAccessor.invoke(DirectMethodHandleAccessor.java:103)
	at java.base/java.lang.reflect.Method.invoke(Method.java:580)
	at org.junit.platform.commons.util.ReflectionUtils.invokeMethod(ReflectionUtils.java:728)
	at org.junit.jupiter.engine.execution.MethodInvocation.proceed(MethodInvocation.java:60)
	at org.junit.jupiter.engine.execution.InvocationInterceptorChain$ValidatingInvocation.proceed(InvocationInterceptorChain.java:131)
	at org.junit.jupiter.engine.extension.TimeoutExtension.intercept(TimeoutExtension.java:156)
	at org.junit.jupiter.engine.extension.TimeoutExtension.interceptLifecycleMethod(TimeoutExtension.java:128)
	at org.junit.jupiter.engine.extension.TimeoutExtension.interceptBeforeEachMethod(TimeoutExtension.java:78)
	at org.junit.jupiter.engine.execution.InterceptingExecutableInvoker$ReflectiveInterceptorCall.lambda$ofVoidMethod$0(InterceptingExecutableInvoker.java:103)
	at org.junit.jupiter.engine.execution.InterceptingExecutableInvoker.lambda$invoke$0(InterceptingExecutableInvoker.java:93)
	at org.junit.jupiter.engine.execution.InvocationInterceptorChain$InterceptedInvocation.proceed(InvocationInterceptorChain.java:106)
	at org.junit.jupiter.engine.execution.InvocationInterceptorChain.proceed(InvocationInterceptorChain.java:64)
	at org.junit.jupiter.engine.execution.InvocationInterceptorChain.chainAndInvoke(InvocationInterceptorChain.java:45)
	at org.junit.jupiter.engine.execution.InvocationInterceptorChain.invoke(InvocationInterceptorChain.java:37)
	at org.junit.jupiter.engine.execution.InterceptingExecutableInvoker.invoke(InterceptingExecutableInvoker.java:92)
	at org.junit.jupiter.engine.execution.InterceptingExecutableInvoker.invoke(InterceptingExecutableInvoker.java:86)
	at org.junit.jupiter.engine.descriptor.ClassBasedTestDescriptor.invokeMethodInExtensionContext(ClassBasedTestDescriptor.java:521)
	at org.junit.jupiter.engine.descriptor.ClassBasedTestDescriptor.lambda$synthesizeBeforeEachMethodAdapter$23(ClassBasedTestDescriptor.java:506)
	at org.junit.jupiter.engine.descriptor.TestMethodTestDescriptor.lambda$invokeBeforeEachMethods$3(TestMethodTestDescriptor.java:175)
	at org.junit.jupiter.engine.descriptor.TestMethodTestDescriptor.lambda$invokeBeforeMethodsOrCallbacksUntilExceptionOccurs$6(TestMethodTestDescriptor.java:203)
	at org.junit.platform.engine.support.hierarchical.ThrowableCollector.execute(ThrowableCollector.java:73)
	at org.junit.jupiter.engine.descriptor.TestMethodTestDescriptor.invokeBeforeMethodsOrCallbacksUntilExceptionOccurs(TestMethodTestDescriptor.java:203)
	at org.junit.jupiter.engine.descriptor.TestMethodTestDescriptor.invokeBeforeEachMethods(TestMethodTestDescriptor.java:172)
	at org.junit.jupiter.engine.descriptor.TestMethodTestDescriptor.execute(TestMethodTestDescriptor.java:135)
	at org.junit.jupiter.engine.descriptor.TestMethodTestDescriptor.execute(TestMethodTestDescriptor.java:69)
	at org.junit.platform.engine.support.hierarchical.NodeTestTask.lambda$executeRecursively$6(NodeTestTask.java:151)
	at org.junit.platform.engine.support.hierarchical.ThrowableCollector.execute(ThrowableCollector.java:73)
	at org.junit.platform.engine.support.hierarchical.NodeTestTask.lambda$executeRecursively$8(NodeTestTask.java:141)
	at org.junit.platform.engine.support.hierarchical.Node.around(Node.java:137)
	at org.junit.platform.engine.support.hierarchical.NodeTestTask.lambda$executeRecursively$9(NodeTestTask.java:139)
	at org.junit.platform.engine.support.hierarchical.ThrowableCollector.execute(ThrowableCollector.java:73)
	at org.junit.platform.engine.support.hierarchical.NodeTestTask.executeRecursively(NodeTestTask.java:138)
	at org.junit.platform.engine.support.hierarchical.NodeTestTask.execute(NodeTestTask.java:95)
	at java.base/java.util.ArrayList.forEach(ArrayList.java:1596)
	at org.junit.platform.engine.support.hierarchical.SameThreadHierarchicalTestExecutorService.invokeAll(SameThreadHierarchicalTestExecutorService.java:41)
	at org.junit.platform.engine.support.hierarchical.NodeTestTask.lambda$executeRecursively$6(NodeTestTask.java:155)
	at org.junit.platform.engine.support.hierarchical.ThrowableCollector.execute(ThrowableCollector.java:73)
	at org.junit.platform.engine.support.hierarchical.NodeTestTask.lambda$executeRecursively$8(NodeTestTask.java:141)
	at org.junit.platform.engine.support.hierarchical.Node.around(Node.java:137)
	at org.junit.platform.engine.support.hierarchical.NodeTestTask.lambda$executeRecursively$9(NodeTestTask.java:139)
	at org.junit.platform.engine.support.hierarchical.ThrowableCollector.execute(ThrowableCollector.java:73)
	at org.junit.platform.engine.support.hierarchical.NodeTestTask.executeRecursively(NodeTestTask.java:138)
	at org.junit.platform.engine.support.hierarchical.NodeTestTask.execute(NodeTestTask.java:95)
	at java.base/java.util.ArrayList.forEach(ArrayList.java:1596)
	at org.junit.platform.engine.support.hierarchical.SameThreadHierarchicalTestExecutorService.invokeAll(SameThreadHierarchicalTestExecutorService.java:41)
	at org.junit.platform.engine.support.hierarchical.NodeTestTask.lambda$executeRecursively$6(NodeTestTask.java:155)
	at org.junit.platform.engine.support.hierarchical.ThrowableCollector.execute(ThrowableCollector.java:73)
	at org.junit.platform.engine.support.hierarchical.NodeTestTask.lambda$executeRecursively$8(NodeTestTask.java:141)
	at org.junit.platform.engine.support.hierarchical.Node.around(Node.java:137)
	at org.junit.platform.engine.support.hierarchical.NodeTestTask.lambda$executeRecursively$9(NodeTestTask.java:139)
	at org.junit.platform.engine.support.hierarchical.ThrowableCollector.execute(ThrowableCollector.java:73)
	at org.junit.platform.engine.support.hierarchical.NodeTestTask.executeRecursively(NodeTestTask.java:138)
	at org.junit.platform.engine.support.hierarchical.NodeTestTask.execute(NodeTestTask.java:95)
	at org.junit.platform.engine.support.hierarchical.SameThreadHierarchicalTestExecutorService.submit(SameThreadHierarchicalTestExecutorService.java:35)
	at org.junit.platform.engine.support.hierarchical.HierarchicalTestExecutor.execute(HierarchicalTestExecutor.java:57)
	at org.junit.platform.engine.support.hierarchical.HierarchicalTestEngine.execute(HierarchicalTestEngine.java:54)
	at org.junit.platform.launcher.core.EngineExecutionOrchestrator.execute(EngineExecutionOrchestrator.java:198)
	at org.junit.platform.launcher.core.EngineExecutionOrchestrator.execute(EngineExecutionOrchestrator.java:169)
	at org.junit.platform.launcher.core.EngineExecutionOrchestrator.execute(EngineExecutionOrchestrator.java:93)
	at org.junit.platform.launcher.core.EngineExecutionOrchestrator.lambda$execute$0(EngineExecutionOrchestrator.java:58)
	at org.junit.platform.launcher.core.EngineExecutionOrchestrator.withInterceptedStreams(EngineExecutionOrchestrator.java:141)
	at org.junit.platform.launcher.core.EngineExecutionOrchestrator.execute(EngineExecutionOrchestrator.java:57)
	at org.junit.platform.launcher.core.DefaultLauncher.execute(DefaultLauncher.java:103)
	at org.junit.platform.launcher.core.DefaultLauncher.execute(DefaultLauncher.java:85)
	at org.junit.platform.launcher.core.DelegatingLauncher.execute(DelegatingLauncher.java:47)
	at org.apache.maven.surefire.junitplatform.LazyLauncher.execute(LazyLauncher.java:56)
	at org.apache.maven.surefire.junitplatform.JUnitPlatformProvider.execute(JUnitPlatformProvider.java:184)
	at org.apache.maven.surefire.junitplatform.JUnitPlatformProvider.invokeAllTests(JUnitPlatformProvider.java:148)
	at org.apache.maven.surefire.junitplatform.JUnitPlatformProvider.invoke(JUnitPlatformProvider.java:122)
	at org.apache.maven.surefire.booter.ForkedBooter.runSuitesInProcess(ForkedBooter.java:385)
	at org.apache.maven.surefire.booter.ForkedBooter.execute(ForkedBooter.java:162)
	at org.apache.maven.surefire.booter.ForkedBooter.run(ForkedBooter.java:507)
	at org.apache.maven.surefire.booter.ForkedBooter.main(ForkedBooter.java:495)
2026-01-03 11:57:14 INFO  c.e.s.servlet.LoginServlet - Entered in to login url of get
2026-01-03 11:57:14 INFO  c.e.s.servlet.LoginServlet - Steped of login url of get
2026-01-03 11:57:14 INFO  c.e.s.servlet.LoginServlet - Content-Type: 
2026-01-03 11:57:14 INFO  c.e.s.servlet.LoginServlet - User creation request received
2026-01-03 11:57:14 INFO  c.e.s.servlet.LoginServlet - User parsed -> email=null, empId=EMP1
2026-01-03 11:57:14 INFO  c.e.s.servlet.LoginServlet - Calling userService.createUser()
2026-01-03 11:57:14 INFO  c.e.s.servlet.LoginServlet - User creation completed successfully
2026-01-03 11:57:14 INFO  c.e.s.servlet.OfferServlet - Fetching all offers via GET
2026-01-03 11:57:14 INFO  c.e.s.servlet.OfferServlet - Entered doDelete for offerId: OFF30
2026-01-03 11:57:14 INFO  c.e.s.servlet.OfferServlet - Received request to update offer
2026-01-03 11:57:14 INFO  c.e.s.servlet.OfferServlet - Received POST request to create offer
2026-01-03 11:57:14 INFO  c.e.s.servlet.OfferServlet - Fetching all offers via GET
2026-01-03 11:59:51 INFO  com.zaxxer.hikari.HikariDataSource - Naveen Hikari pool - Starting...
2026-01-03 11:59:52 INFO  com.zaxxer.hikari.pool.HikariPool - Naveen Hikari pool - Added connection com.mysql.cj.jdbc.ConnectionImpl@59b3f754
2026-01-03 11:59:52 INFO  com.zaxxer.hikari.HikariDataSource - Naveen Hikari pool - Start completed.
2026-01-03 11:59:53 INFO  c.e.s.servlet.LoginServlet - Entered in to login url of get
2026-01-03 11:59:53 INFO  c.e.s.servlet.LoginServlet - Steped of login url of get
2026-01-03 11:59:53 INFO  c.e.s.servlet.LoginServlet - Content-Type: 
2026-01-03 11:59:53 INFO  c.e.s.servlet.LoginServlet - User creation request received
2026-01-03 11:59:53 INFO  c.e.s.servlet.LoginServlet - User parsed -> email=null, empId=EMP1
2026-01-03 11:59:53 INFO  c.e.s.servlet.LoginServlet - Calling userService.createUser()
2026-01-03 11:59:53 INFO  c.e.s.servlet.LoginServlet - User creation completed successfully
2026-01-03 11:59:53 INFO  c.e.s.servlet.OfferServlet - Fetching all offers via GET
2026-01-03 11:59:53 INFO  c.e.s.servlet.OfferServlet - Entered doDelete for offerId: OFF30
2026-01-03 11:59:53 INFO  c.e.s.servlet.OfferServlet - Received request to update offer
2026-01-03 11:59:53 INFO  c.e.s.servlet.OfferServlet - Received POST request to create offer
2026-01-03 11:59:53 INFO  c.e.s.servlet.OfferServlet - Fetching all offers via GET
2026-01-03 12:01:42 INFO  com.zaxxer.hikari.HikariDataSource - Naveen Hikari pool - Starting...
2026-01-03 12:01:43 INFO  com.zaxxer.hikari.pool.HikariPool - Naveen Hikari pool - Added connection com.mysql.cj.jdbc.ConnectionImpl@59b3f754
2026-01-03 12:01:43 INFO  com.zaxxer.hikari.HikariDataSource - Naveen Hikari pool - Start completed.
2026-01-03 12:01:44 INFO  c.e.s.servlet.LoginServlet - Entered in to login url of get
2026-01-03 12:01:44 INFO  c.e.s.servlet.LoginServlet - Steped of login url of get
2026-01-03 12:01:44 INFO  c.e.s.servlet.LoginServlet - Content-Type: 
2026-01-03 12:01:44 INFO  c.e.s.servlet.LoginServlet - User creation request received
2026-01-03 12:01:44 INFO  c.e.s.servlet.LoginServlet - User parsed -> email=null, empId=EMP1
2026-01-03 12:01:44 INFO  c.e.s.servlet.LoginServlet - Calling userService.createUser()
2026-01-03 12:01:44 INFO  c.e.s.servlet.LoginServlet - User creation completed successfully
2026-01-03 12:01:44 INFO  c.e.s.servlet.OfferServlet - Fetching all offers via GET
2026-01-03 12:01:44 INFO  c.e.s.servlet.OfferServlet - Entered doDelete for offerId: OFF30
2026-01-03 12:01:44 INFO  c.e.s.servlet.OfferServlet - Received request to update offer
2026-01-03 12:01:44 INFO  c.e.s.servlet.OfferServlet - Received POST request to create offer
2026-01-03 12:01:44 INFO  c.e.s.servlet.OfferServlet - Fetching all offers via GET
2026-01-03 12:09:12 INFO  com.zaxxer.hikari.HikariDataSource - Naveen Hikari pool - Starting...
2026-01-03 12:09:13 INFO  com.zaxxer.hikari.pool.HikariPool - Naveen Hikari pool - Added connection com.mysql.cj.jdbc.ConnectionImpl@6c36051c
2026-01-03 12:09:13 INFO  com.zaxxer.hikari.HikariDataSource - Naveen Hikari pool - Start completed.
2026-01-03 12:09:14 INFO  c.e.s.servlet.LoginServlet - Entered in to login url of get
2026-01-03 12:09:14 INFO  c.e.s.servlet.LoginServlet - Steped of login url of get
2026-01-03 12:09:14 INFO  c.e.s.servlet.LoginServlet - Content-Type: 
2026-01-03 12:09:14 INFO  c.e.s.servlet.LoginServlet - User creation request received
2026-01-03 12:09:14 INFO  c.e.s.servlet.LoginServlet - User parsed -> email=null, empId=EMP1
2026-01-03 12:09:14 INFO  c.e.s.servlet.LoginServlet - Calling userService.createUser()
2026-01-03 12:09:14 INFO  c.e.s.servlet.LoginServlet - User creation completed successfully
2026-01-03 12:09:14 INFO  c.e.s.servlet.OfferServlet - Fetching all offers via GET
2026-01-03 12:09:14 INFO  c.e.s.servlet.OfferServlet - Entered doDelete for offerId: OFF30
2026-01-03 12:09:14 INFO  c.e.s.servlet.OfferServlet - Received request to update offer
2026-01-03 12:09:14 INFO  c.e.s.servlet.OfferServlet - Received POST request to create offer
2026-01-03 12:09:14 INFO  c.e.s.servlet.OfferServlet - Fetching all offers via GET
2026-01-03 14:43:14 INFO  com.zaxxer.hikari.HikariDataSource - Naveen Hikari pool - Starting...
2026-01-03 14:43:15 INFO  com.zaxxer.hikari.pool.HikariPool - Naveen Hikari pool - Added connection com.mysql.cj.jdbc.ConnectionImpl@59b3f754
2026-01-03 14:43:15 INFO  com.zaxxer.hikari.HikariDataSource - Naveen Hikari pool - Start completed.
2026-01-03 14:43:16 INFO  c.e.s.servlet.LoginServlet - Entered in to login url of get
2026-01-03 14:43:16 INFO  c.e.s.servlet.LoginServlet - Steped of login url of get
2026-01-03 14:43:16 INFO  c.e.s.servlet.LoginServlet - Content-Type: 
2026-01-03 14:43:16 INFO  c.e.s.servlet.LoginServlet - User creation request received
2026-01-03 14:43:16 INFO  c.e.s.servlet.LoginServlet - User parsed -> email=null, empId=EMP1
2026-01-03 14:43:16 INFO  c.e.s.servlet.LoginServlet - Calling userService.createUser()
2026-01-03 14:43:16 INFO  c.e.s.servlet.LoginServlet - User creation completed successfully
2026-01-03 14:43:16 INFO  c.e.s.servlet.OfferServlet - Fetching all offers via GET
2026-01-03 14:43:16 INFO  c.e.s.servlet.OfferServlet - Entered doDelete for offerId: OFF30
2026-01-03 14:43:16 INFO  c.e.s.servlet.OfferServlet - Received request to update offer
2026-01-03 14:43:16 INFO  c.e.s.servlet.OfferServlet - Received POST request to create offer
2026-01-03 14:43:16 INFO  c.e.s.servlet.OfferServlet - Fetching all offers via GET
